============================= test session starts =============================
platform win32 -- Python 3.10.11, pytest-9.1.1, pluggy-1.6.0 -- C:\Users\tierr\AppData\Local\Microsoft\WindowsApps\PythonSoftwareFoundation.Python.3.10_qbz5n2kfra8p0\python.exe
rootdir: C:\Users\tierr\Documents\CSC510-Section2-Group7-Proj3
collecting ... collected 4 items

proj1/tests/test_browse_food_inventory_pytest.py::test_authenticated_customer_can_browse_food_inventory PASSED [ 25%]
proj1/tests/test_browse_food_inventory_pytest.py::test_inventory_foods_contain_displayed_information PASSED [ 50%]
proj1/tests/test_browse_food_inventory_pytest.py::test_rejects_unauthenticated_food_inventory_request PASSED [ 75%]
proj1/tests/test_browse_food_inventory_pytest.py::test_browsing_food_inventory_does_not_change_inventory PASSED [100%]

============================== 4 passed in 5.11s ==============================
