Use Case #2 pytest run: Duplicate account prevention
Started: Sun Aug 30 21:30:08 EDT 2026
API_BASE_URL: http://localhost:8080

============================= test session starts ==============================
platform darwin -- Python 3.9.6, pytest-8.4.2, pluggy-1.6.0 -- /Library/Developer/CommandLineTools/usr/bin/python3
cachedir: .pytest_cache
rootdir: /Users/grenzer/Projects/software-engineering/CSC510-Section2-Group7-Proj3
collecting ... collected 5 items

proj1/tests/test_duplicate_account_prevention_pytest.py::test_prevents_duplicate_email_registration_and_preserves_original_account FAILED [ 20%]
proj1/tests/test_duplicate_account_prevention_pytest.py::test_rejects_duplicate_username_registration PASSED [ 40%]
proj1/tests/test_duplicate_account_prevention_pytest.py::test_rejects_registration_with_invalid_password PASSED [ 60%]
proj1/tests/test_duplicate_account_prevention_pytest.py::test_rejects_incomplete_registration_missing_role PASSED [ 80%]
proj1/tests/test_duplicate_account_prevention_pytest.py::test_prevents_cross_role_duplicate_email_registration FAILED [100%]

=================================== FAILURES ===================================
__ test_prevents_duplicate_email_registration_and_preserves_original_account ___

    def test_prevents_duplicate_email_registration_and_preserves_original_account():
        """This proves Use Case #2 Main Success Scenario and Postconditions 1, 2, 3:
    
        A user cannot register a new account using an email address already registered,
        the registration attempt is rejected, the duplicate account is not created,
        and the existing account remains unchanged and accessible.
        """
        # Step 1-6: Initial user registers successfully
        initial_user = unique_user(prefix="orig_user", role="customer")
        reg_status, reg_body = api_request("POST", "/auth/register", initial_user)
        assert reg_status == 200, reg_body
    
        # Verify initial user can log in and receive token
        login_status, login_body = api_request(
            "POST",
            "/auth/login",
            {"username": initial_user["username"], "password": initial_user["password"]},
        )
        assert login_status == 200, login_body
        assert "accessToken" in login_body
    
        # Step 7-8: Attempt to register a second account with a different username but duplicate email
        duplicate_user = unique_user(prefix="dup_user", role="customer")
        duplicate_user["email"] = initial_user["email"]
    
        dup_status, dup_body = api_request("POST", "/auth/register", duplicate_user)
        # Registration should be rejected with client error (HTTP 400)
>       assert dup_status == 400, dup_body
E       AssertionError: {'details': 'uri=/auth/register', 'message': "could not execute statement [Duplicate entry 'orig_user_ioqlkbvot_dsfw@example.com' for key 'users.UK_6dotkott2kjsp8vw4d0m25fb7'] [insert into users (cost_preference,dietary_restrictions,email,password,role,username) values (?,?,?,?,?,?)]; SQL [insert into users (cost_preference,dietary_restrictions,email,password,role,username) values (?,?,?,?,?,?)]; constraint [users.UK_6dotkott2kjsp8vw4d0m25fb7]", 'timestamp': '2026-08-31T01:30:08.750+00:00'}
E       assert 500 == 400

proj1/tests/test_duplicate_account_prevention_pytest.py:112: AssertionError
____________ test_prevents_cross_role_duplicate_email_registration _____________

    def test_prevents_cross_role_duplicate_email_registration():
        """This proves Use Case #2 duplicate email prevention across different roles:
    
        An existing Customer email cannot be used to register a new Driver account.
        """
        customer_user = unique_user(prefix="cust_acc", role="customer")
        c_status, c_body = api_request("POST", "/auth/register", customer_user)
        assert c_status == 200, c_body
    
        driver_user = unique_user(prefix="driver_acc", role="driver")
        driver_user["email"] = customer_user["email"]
    
        d_status, d_body = api_request("POST", "/auth/register", driver_user)
>       assert d_status == 400, d_body
E       AssertionError: {'details': 'uri=/auth/register', 'message': "could not execute statement [Duplicate entry 'cust_acc_ioqlkbwae_dsfw@example.com' for key 'users.UK_6dotkott2kjsp8vw4d0m25fb7'] [insert into users (cost_preference,dietary_restrictions,email,password,role,username) values (?,?,?,?,?,?)]; SQL [insert into users (cost_preference,dietary_restrictions,email,password,role,username) values (?,?,?,?,?,?)]; constraint [users.UK_6dotkott2kjsp8vw4d0m25fb7]", 'timestamp': '2026-08-31T01:30:08.970+00:00'}
E       assert 500 == 400

proj1/tests/test_duplicate_account_prevention_pytest.py:189: AssertionError
=========================== short test summary info ============================
FAILED proj1/tests/test_duplicate_account_prevention_pytest.py::test_prevents_duplicate_email_registration_and_preserves_original_account - AssertionError: {'details': 'uri=/auth/register', 'message': "could not execute statement [Duplicate entry 'orig_user_ioqlkbvot_dsfw@example.com' for key 'users.UK_6dotkott2kjsp8vw4d0m25fb7'] [insert into users (cost_preference,dietary_restrictions,email,password,role,username) values (?,?,?,?,?,?)]; SQL [insert into users (cost_preference,dietary_restrictions,email,password,role,username) values (?,?,?,?,?,?)]; constraint [users.UK_6dotkott2kjsp8vw4d0m25fb7]", 'timestamp': '2026-08-31T01:30:08.750+00:00'}
assert 500 == 400
FAILED proj1/tests/test_duplicate_account_prevention_pytest.py::test_prevents_cross_role_duplicate_email_registration - AssertionError: {'details': 'uri=/auth/register', 'message': "could not execute statement [Duplicate entry 'cust_acc_ioqlkbwae_dsfw@example.com' for key 'users.UK_6dotkott2kjsp8vw4d0m25fb7'] [insert into users (cost_preference,dietary_restrictions,email,password,role,username) values (?,?,?,?,?,?)]; SQL [insert into users (cost_preference,dietary_restrictions,email,password,role,username) values (?,?,?,?,?,?)]; constraint [users.UK_6dotkott2kjsp8vw4d0m25fb7]", 'timestamp': '2026-08-31T01:30:08.970+00:00'}
assert 500 == 400
========================= 2 failed, 3 passed in 0.63s ==========================

Finished: Sun Aug 30 21:30:08 EDT 2026
Exit status: 1
Output file: /Users/grenzer/Projects/software-engineering/CSC510-Section2-Group7-Proj3/proj1/test-output/duplicate-account-prevention-pytest-20260830-213008.txt
