============================= test session starts =============================
platform win32 -- Python 3.10.11, pytest-9.1.1, pluggy-1.6.0 -- C:\Users\tierr\AppData\Local\Microsoft\WindowsApps\PythonSoftwareFoundation.Python.3.10_qbz5n2kfra8p0\python.exe
rootdir: C:\Users\tierr\Documents\CSC510-Section2-Group7-Proj3
collecting ... collected 4 items

proj1/tests/test_rate_fulfilled_order_pytest.py::test_customer_can_rate_food_from_fulfilled_order PASSED [ 25%]
proj1/tests/test_rate_fulfilled_order_pytest.py::test_rejects_duplicate_rating_for_same_food_and_order PASSED [ 50%]
proj1/tests/test_rate_fulfilled_order_pytest.py::test_rejects_rating_food_from_unfulfilled_order PASSED [ 75%]
proj1/tests/test_rate_fulfilled_order_pytest.py::test_rejects_rating_another_customers_order FAILED [100%]

================================== FAILURES ===================================
_________________ test_rejects_rating_another_customers_order _________________

    def test_rejects_rating_another_customers_order():
        """This checks whether the backend prevents cross-account order rating."""
        owner, owner_token = create_and_login_customer(
            "rating_order_owner"
        )
        food = get_in_stock_food(owner_token)
        order = create_order(
            owner_token,
            food,
            "Private Rating Order",
        )

        driver, driver_token = create_and_login_driver(
            "private_rating_driver"
        )
        mark_order_fulfilled(order["id"], driver, driver_token)

        unrelated_customer, unrelated_token = create_and_login_customer(
            "unauthorized_rating_customer"
        )

        rating_status, rating_body = api_request(
            "POST",
            f"/api/foods/orders/{order['id']}/{food['id']}/rate?rating=1",
            token=unrelated_token,
        )

>       assert rating_status in (403, 404), rating_body
E       AssertionError: {'id': 1, 'foodName': 'COFFEE', 'amount': 50, 'price': 3, ...}
E       assert 200 in (403, 404)

proj1\tests\test_rate_fulfilled_order_pytest.py:351: AssertionError
=========================== short test summary info ===========================
FAILED proj1/tests/test_rate_fulfilled_order_pytest.py::test_rejects_rating_another_customers_order - AssertionError: {'id': 1, 'foodName': 'COFFEE', 'amount': 50, 'price': 3, ...}
assert 200 in (403, 404)
========================= 1 failed, 3 passed in 9.26s =========================
